This file contains any messages produced by compilers while
running configure, to aid debugging if configure makes a mistake.

It was created by opendias configure 0.3.2, which was
generated by GNU Autoconf 2.61.  Invocation command line was

  $ ./configure 

## --------- ##
## Platform. ##
## --------- ##

hostname = wbooth-netbook
uname -m = i686
uname -r = 2.6.32-24-generic
uname -s = Linux
uname -v = #38-Ubuntu SMP Mon Jul 5 09:22:14 UTC 2010

/usr/bin/uname -p = unknown
/bin/uname -X     = unknown

/bin/arch              = unknown
/usr/bin/arch -k       = unknown
/usr/convex/getsysinfo = unknown
/usr/bin/hostinfo      = unknown
/bin/machine           = unknown
/usr/bin/oslevel       = unknown
/bin/universe          = unknown

PATH: /usr/local/sbin
PATH: /usr/local/bin
PATH: /usr/sbin
PATH: /usr/bin
PATH: /sbin
PATH: /bin
PATH: /usr/games


## ----------- ##
## Core tests. ##
## ----------- ##

configure:1840: checking for a BSD-compatible install
configure:1896: result: /usr/bin/install -c
configure:1907: checking whether build environment is sane
configure:1950: result: yes
configure:1978: checking for a thread-safe mkdir -p
configure:2017: result: /bin/mkdir -p
configure:2030: checking for gawk
configure:2046: found /usr/bin/gawk
configure:2057: result: gawk
configure:2068: checking whether make sets $(MAKE)
configure:2089: result: yes
configure:2279: checking whether to enable maintainer-specific portions of Makefiles
configure:2288: result: no
configure:2360: checking for g++
configure:2376: found /usr/bin/g++
configure:2387: result: g++
configure:2418: checking for C++ compiler version
configure:2425: g++ --version >&5
g++ (Ubuntu 4.4.3-4ubuntu5) 4.4.3
Copyright (C) 2009 Free Software Foundation, Inc.
This is free software; see the source for copying conditions.  There is NO
warranty; not even for MERCHANTABILITY or FITNESS FOR A PARTICULAR PURPOSE.

configure:2428: $? = 0
configure:2435: g++ -v >&5
Using built-in specs.
Target: i486-linux-gnu
Configured with: ../src/configure -v --with-pkgversion='Ubuntu 4.4.3-4ubuntu5' --with-bugurl=file:///usr/share/doc/gcc-4.4/README.Bugs --enable-languages=c,c++,fortran,objc,obj-c++ --prefix=/usr --enable-shared --enable-multiarch --enable-linker-build-id --with-system-zlib --libexecdir=/usr/lib --without-included-gettext --enable-threads=posix --with-gxx-include-dir=/usr/include/c++/4.4 --program-suffix=-4.4 --enable-nls --enable-clocale=gnu --enable-libstdcxx-debug --enable-plugin --enable-objc-gc --enable-targets=all --disable-werror --with-arch-32=i486 --with-tune=generic --enable-checking=release --build=i486-linux-gnu --host=i486-linux-gnu --target=i486-linux-gnu
Thread model: posix
gcc version 4.4.3 (Ubuntu 4.4.3-4ubuntu5) 
configure:2438: $? = 0
configure:2445: g++ -V >&5
g++: '-V' option must have argument
configure:2448: $? = 1
configure:2471: checking for C++ compiler default output file name
configure:2498: g++    conftest.cpp  >&5
configure:2501: $? = 0
configure:2539: result: a.out
configure:2556: checking whether the C++ compiler works
configure:2566: ./a.out
configure:2569: $? = 0
configure:2586: result: yes
configure:2593: checking whether we are cross compiling
configure:2595: result: no
configure:2598: checking for suffix of executables
configure:2605: g++ -o conftest    conftest.cpp  >&5
configure:2608: $? = 0
configure:2632: result: 
configure:2638: checking for suffix of object files
configure:2664: g++ -c   conftest.cpp >&5
configure:2667: $? = 0
configure:2690: result: o
configure:2694: checking whether we are using the GNU C++ compiler
configure:2723: g++ -c   conftest.cpp >&5
configure:2729: $? = 0
configure:2746: result: yes
configure:2751: checking whether g++ accepts -g
configure:2781: g++ -c -g  conftest.cpp >&5
configure:2787: $? = 0
configure:2886: result: yes
configure:2920: checking for style of include used by make
configure:2948: result: GNU
configure:2973: checking dependency style of g++
configure:3064: result: gcc3
configure:3127: checking for gcc
configure:3143: found /usr/bin/gcc
configure:3154: result: gcc
configure:3392: checking for C compiler version
configure:3399: gcc --version >&5
gcc (Ubuntu 4.4.3-4ubuntu5) 4.4.3
Copyright (C) 2009 Free Software Foundation, Inc.
This is free software; see the source for copying conditions.  There is NO
warranty; not even for MERCHANTABILITY or FITNESS FOR A PARTICULAR PURPOSE.

configure:3402: $? = 0
configure:3409: gcc -v >&5
Using built-in specs.
Target: i486-linux-gnu
Configured with: ../src/configure -v --with-pkgversion='Ubuntu 4.4.3-4ubuntu5' --with-bugurl=file:///usr/share/doc/gcc-4.4/README.Bugs --enable-languages=c,c++,fortran,objc,obj-c++ --prefix=/usr --enable-shared --enable-multiarch --enable-linker-build-id --with-system-zlib --libexecdir=/usr/lib --without-included-gettext --enable-threads=posix --with-gxx-include-dir=/usr/include/c++/4.4 --program-suffix=-4.4 --enable-nls --enable-clocale=gnu --enable-libstdcxx-debug --enable-plugin --enable-objc-gc --enable-targets=all --disable-werror --with-arch-32=i486 --with-tune=generic --enable-checking=release --build=i486-linux-gnu --host=i486-linux-gnu --target=i486-linux-gnu
Thread model: posix
gcc version 4.4.3 (Ubuntu 4.4.3-4ubuntu5) 
configure:3412: $? = 0
configure:3419: gcc -V >&5
gcc: '-V' option must have argument
configure:3422: $? = 1
configure:3425: checking whether we are using the GNU C compiler
configure:3454: gcc -c   conftest.c >&5
configure:3460: $? = 0
configure:3477: result: yes
configure:3482: checking whether gcc accepts -g
configure:3512: gcc -c -g  conftest.c >&5
configure:3518: $? = 0
configure:3617: result: yes
configure:3634: checking for gcc option to accept ISO C89
configure:3708: gcc  -c -g -O2  conftest.c >&5
configure:3714: $? = 0
configure:3737: result: none needed
configure:3757: checking dependency style of gcc
configure:3848: result: gcc3
configure:3872: checking how to run the C preprocessor
configure:3912: gcc -E  conftest.c
configure:3918: $? = 0
configure:3949: gcc -E  conftest.c
conftest.c:10:28: error: ac_nonexistent.h: No such file or directory
configure:3955: $? = 1
configure: failed program was:
| /* confdefs.h.  */
| #define PACKAGE_NAME "opendias"
| #define PACKAGE_TARNAME "opendias"
| #define PACKAGE_VERSION "0.3.2"
| #define PACKAGE_STRING "opendias 0.3.2"
| #define PACKAGE_BUGREPORT ""
| #define PACKAGE "opendias"
| #define VERSION "0.3.2"
| /* end confdefs.h.  */
| #include <ac_nonexistent.h>
configure:3988: result: gcc -E
configure:4017: gcc -E  conftest.c
configure:4023: $? = 0
configure:4054: gcc -E  conftest.c
conftest.c:10:28: error: ac_nonexistent.h: No such file or directory
configure:4060: $? = 1
configure: failed program was:
| /* confdefs.h.  */
| #define PACKAGE_NAME "opendias"
| #define PACKAGE_TARNAME "opendias"
| #define PACKAGE_VERSION "0.3.2"
| #define PACKAGE_STRING "opendias 0.3.2"
| #define PACKAGE_BUGREPORT ""
| #define PACKAGE "opendias"
| #define VERSION "0.3.2"
| /* end confdefs.h.  */
| #include <ac_nonexistent.h>
configure:4098: checking for grep that handles long lines and -e
configure:4172: result: /bin/grep
configure:4177: checking for egrep
configure:4255: result: /bin/grep -E
configure:4260: checking for ANSI C header files
configure:4290: gcc -c -g -O2  conftest.c >&5
configure:4296: $? = 0
configure:4395: gcc -o conftest -g -O2   conftest.c  >&5
configure:4398: $? = 0
configure:4404: ./conftest
configure:4407: $? = 0
configure:4424: result: yes
configure:4459: checking for sys/types.h
configure:4480: gcc -c -g -O2  conftest.c >&5
configure:4486: $? = 0
configure:4502: result: yes
configure:4459: checking for sys/stat.h
configure:4480: gcc -c -g -O2  conftest.c >&5
configure:4486: $? = 0
configure:4502: result: yes
configure:4459: checking for stdlib.h
configure:4480: gcc -c -g -O2  conftest.c >&5
configure:4486: $? = 0
configure:4502: result: yes
configure:4459: checking for string.h
configure:4480: gcc -c -g -O2  conftest.c >&5
configure:4486: $? = 0
configure:4502: result: yes
configure:4459: checking for memory.h
configure:4480: gcc -c -g -O2  conftest.c >&5
configure:4486: $? = 0
configure:4502: result: yes
configure:4459: checking for strings.h
configure:4480: gcc -c -g -O2  conftest.c >&5
configure:4486: $? = 0
configure:4502: result: yes
configure:4459: checking for inttypes.h
configure:4480: gcc -c -g -O2  conftest.c >&5
configure:4486: $? = 0
configure:4502: result: yes
configure:4459: checking for stdint.h
configure:4480: gcc -c -g -O2  conftest.c >&5
configure:4486: $? = 0
configure:4502: result: yes
configure:4459: checking for unistd.h
configure:4480: gcc -c -g -O2  conftest.c >&5
configure:4486: $? = 0
configure:4502: result: yes
configure:4530: checking locale.h usability
configure:4547: gcc -c -g -O2  conftest.c >&5
configure:4553: $? = 0
configure:4567: result: yes
configure:4571: checking locale.h presence
configure:4586: gcc -E  conftest.c
configure:4592: $? = 0
configure:4606: result: yes
configure:4634: checking for locale.h
configure:4642: result: yes
configure:4656: checking for LC_MESSAGES
configure:4682: gcc -o conftest -g -O2   conftest.c  >&5
configure:4688: $? = 0
configure:4705: result: yes
configure:4734: checking libintl.h usability
configure:4751: gcc -c -g -O2  conftest.c >&5
configure:4757: $? = 0
configure:4771: result: yes
configure:4775: checking libintl.h presence
configure:4790: gcc -E  conftest.c
configure:4796: $? = 0
configure:4810: result: yes
configure:4838: checking for libintl.h
configure:4845: result: yes
configure:4856: checking for ngettext in libc
configure:4884: gcc -o conftest -g -O2   conftest.c  >&5
configure:4890: $? = 0
configure:4908: result: yes
configure:4912: checking for dgettext in libc
configure:4940: gcc -o conftest -g -O2   conftest.c  >&5
configure:4946: $? = 0
configure:4964: result: yes
configure:4973: checking for bind_textdomain_codeset
configure:5029: gcc -o conftest -g -O2   conftest.c  >&5
configure:5035: $? = 0
configure:5053: result: yes
configure:5540: checking for msgfmt
configure:5567: result: /usr/bin/msgfmt
configure:5580: checking for dcgettext
configure:5636: gcc -o conftest -g -O2   conftest.c   >&5
conftest.c:48: warning: conflicting types for built-in function 'dcgettext'
configure:5642: $? = 0
configure:5660: result: yes
configure:5671: checking if msgfmt accepts -c
configure:5686: $MSGFMT -c -o /dev/null conftest.foo
configure:5689: $? = 0
configure:5691: result: yes
configure:5701: checking for gmsgfmt
configure:5732: result: /usr/bin/msgfmt
configure:5742: checking for xgettext
configure:5769: result: /usr/bin/xgettext
configure:5798: gcc -o conftest -g -O2   conftest.c   >&5
configure:5804: $? = 0
configure:6042: checking for intltool >= 0.35.0
configure:6049: result: 0.37.1 found
configure:6100: checking for xgettext
configure:6130: result: /usr/bin/xgettext
configure:6140: checking for msgmerge
configure:6158: found /usr/bin/msgmerge
configure:6170: result: /usr/bin/msgmerge
configure:6180: checking for msgfmt
configure:6210: result: /usr/bin/msgfmt
configure:6242: checking for perl
configure:6260: found /usr/bin/perl
configure:6272: result: /usr/bin/perl
configure:6291: checking for XML::Parser
configure:6294: result: ok
configure:6511: checking for pkg-config
configure:6529: found /usr/bin/pkg-config
configure:6541: result: /usr/bin/pkg-config
configure:6570: checking pkg-config is at least version 0.9.0
configure:6573: result: yes
configure:6584: checking for OPENDIAS
configure:6592: $PKG_CONFIG --exists --print-errors "sqlite3 gtk+-2.0"
configure:6595: $? = 0
configure:6610: $PKG_CONFIG --exists --print-errors "sqlite3 gtk+-2.0"
configure:6613: $? = 0
configure:6689: result: yes
configure:6697: checking for pkg-config
configure:6728: result: /usr/bin/pkg-config
configure:6747: checking for g_thread_init in -lgthread-2.0
configure:6782: gcc -o conftest -g -O2 -pthread -I/usr/include/glib-2.0 -I/usr/lib/glib-2.0/include    -pthread -I/usr/include/glib-2.0 -I/usr/lib/glib-2.0/include    conftest.c -lgthread-2.0   -pthread -lgthread-2.0 -lrt -lglib-2.0   >&5
configure:6788: $? = 0
configure:6806: result: yes
configure:6819: checking glib/gthread.h usability
configure:6836: gcc -c -g -O2 -pthread -I/usr/include/glib-2.0 -I/usr/lib/glib-2.0/include    -pthread -I/usr/include/glib-2.0 -I/usr/lib/glib-2.0/include   conftest.c >&5
configure:6842: $? = 0
configure:6856: result: yes
configure:6860: checking glib/gthread.h presence
configure:6875: gcc -E  -pthread -I/usr/include/glib-2.0 -I/usr/lib/glib-2.0/include   conftest.c
configure:6881: $? = 0
configure:6895: result: yes
configure:6923: checking for glib/gthread.h
configure:6930: result: yes
configure:6949: checking for pthread_create in -lpthread
configure:6984: gcc -o conftest -g -O2 -pthread -I/usr/include/glib-2.0 -I/usr/lib/glib-2.0/include    -pthread -I/usr/include/glib-2.0 -I/usr/lib/glib-2.0/include    conftest.c -lpthread   -pthread -lgthread-2.0 -lrt -lglib-2.0   >&5
configure:6990: $? = 0
configure:7008: result: yes
configure:7021: checking pthread.h usability
configure:7038: gcc -c -g -O2 -pthread -I/usr/include/glib-2.0 -I/usr/lib/glib-2.0/include    -pthread -I/usr/include/glib-2.0 -I/usr/lib/glib-2.0/include   conftest.c >&5
configure:7044: $? = 0
configure:7058: result: yes
configure:7062: checking pthread.h presence
configure:7077: gcc -E  -pthread -I/usr/include/glib-2.0 -I/usr/lib/glib-2.0/include   conftest.c
configure:7083: $? = 0
configure:7097: result: yes
configure:7125: checking for pthread.h
configure:7132: result: yes
configure:7166: checking for main in -lsane
configure:7195: gcc -o conftest -g -O2 -pthread -I/usr/include/glib-2.0 -I/usr/lib/glib-2.0/include    -pthread -I/usr/include/glib-2.0 -I/usr/lib/glib-2.0/include    conftest.c -lsane   -pthread -lgthread-2.0 -lrt -lglib-2.0   >&5
configure:7201: $? = 0
configure:7219: result: yes
configure:7232: checking sane/sane.h usability
configure:7249: gcc -c -g -O2 -pthread -I/usr/include/glib-2.0 -I/usr/lib/glib-2.0/include    -pthread -I/usr/include/glib-2.0 -I/usr/lib/glib-2.0/include   conftest.c >&5
configure:7255: $? = 0
configure:7269: result: yes
configure:7273: checking sane/sane.h presence
configure:7288: gcc -E  -pthread -I/usr/include/glib-2.0 -I/usr/lib/glib-2.0/include   conftest.c
configure:7294: $? = 0
configure:7308: result: yes
configure:7336: checking for sane/sane.h
configure:7343: result: yes
configure:7374: checking for TIFFOpen in -ltiff
configure:7409: gcc -o conftest -g -O2 -pthread -I/usr/include/glib-2.0 -I/usr/lib/glib-2.0/include    -pthread -I/usr/include/glib-2.0 -I/usr/lib/glib-2.0/include    conftest.c -ltiff   -pthread -lgthread-2.0 -lrt -lglib-2.0   >&5
configure:7415: $? = 0
configure:7433: result: yes
configure:7446: checking tiff.h usability
configure:7463: gcc -c -g -O2 -pthread -I/usr/include/glib-2.0 -I/usr/lib/glib-2.0/include    -pthread -I/usr/include/glib-2.0 -I/usr/lib/glib-2.0/include   conftest.c >&5
configure:7469: $? = 0
configure:7483: result: yes
configure:7487: checking tiff.h presence
configure:7502: gcc -E  -pthread -I/usr/include/glib-2.0 -I/usr/lib/glib-2.0/include   conftest.c
configure:7508: $? = 0
configure:7522: result: yes
configure:7550: checking for tiff.h
configure:7557: result: yes
configure:7575: checking for main in -ltesseract_full
configure:7604: gcc -o conftest -g -O2 -pthread -I/usr/include/glib-2.0 -I/usr/lib/glib-2.0/include    -pthread -I/usr/include/glib-2.0 -I/usr/lib/glib-2.0/include    conftest.c -ltesseract_full   -pthread -lgthread-2.0 -lrt -lglib-2.0   >&5
configure:7610: $? = 0
configure:7628: result: yes
configure:7631: checking for /usr/include/tesseract/baseapi.h
configure:7646: result: yes
configure:7674: checking for main in -lespeak
configure:7703: gcc -o conftest -g -O2 -pthread -I/usr/include/glib-2.0 -I/usr/lib/glib-2.0/include    -pthread -I/usr/include/glib-2.0 -I/usr/lib/glib-2.0/include    conftest.c -lespeak   -pthread -lgthread-2.0 -lrt -lglib-2.0   >&5
configure:7709: $? = 0
configure:7727: result: yes
configure:7740: checking espeak/speak_lib.h usability
configure:7757: gcc -c -g -O2 -pthread -I/usr/include/glib-2.0 -I/usr/lib/glib-2.0/include    -pthread -I/usr/include/glib-2.0 -I/usr/lib/glib-2.0/include   conftest.c >&5
configure:7763: $? = 0
configure:7777: result: yes
configure:7781: checking espeak/speak_lib.h presence
configure:7796: gcc -E  -pthread -I/usr/include/glib-2.0 -I/usr/lib/glib-2.0/include   conftest.c
configure:7802: $? = 0
configure:7816: result: yes
configure:7844: checking for espeak/speak_lib.h
configure:7851: result: yes
configure:7882: checking for xmlParseExternalEntity in -lxml2
configure:7917: gcc -o conftest -g -O2 -pthread -I/usr/include/glib-2.0 -I/usr/lib/glib-2.0/include    -pthread -I/usr/include/glib-2.0 -I/usr/lib/glib-2.0/include    conftest.c -lxml2   -pthread -lgthread-2.0 -lrt -lglib-2.0   >&5
configure:7923: $? = 0
configure:7941: result: yes
configure:7946: checking for xml2-config
configure:7964: found /usr/bin/xml2-config
configure:7977: result: /usr/bin/xml2-config
configure:7999: checking libxml/parser.h usability
configure:8016: gcc -c -g -O2 -pthread -I/usr/include/glib-2.0 -I/usr/lib/glib-2.0/include    -pthread -I/usr/include/glib-2.0 -I/usr/lib/glib-2.0/include   -I/usr/include/libxml2 conftest.c >&5
configure:8022: $? = 0
configure:8036: result: yes
configure:8040: checking libxml/parser.h presence
configure:8055: gcc -E  -pthread -I/usr/include/glib-2.0 -I/usr/lib/glib-2.0/include   -I/usr/include/libxml2 conftest.c
configure:8061: $? = 0
configure:8075: result: yes
configure:8103: checking for libxml/parser.h
configure:8110: result: yes
configure:8134: checking for gdk_pixbuf_new in -lgdk_pixbuf-2.0
configure:8169: gcc -o conftest -g -O2 -pthread -I/usr/include/glib-2.0 -I/usr/lib/glib-2.0/include   -pthread -I/usr/include/gtk-2.0 -I/usr/include/glib-2.0 -I/usr/lib/glib-2.0/include    -pthread -I/usr/include/glib-2.0 -I/usr/lib/glib-2.0/include   -I/usr/include/libxml2 -pthread -I/usr/include/gtk-2.0 -I/usr/include/glib-2.0 -I/usr/lib/glib-2.0/include    conftest.c -lgdk_pixbuf-2.0   -pthread -lgthread-2.0 -lrt -lglib-2.0   -pthread -lgdk_pixbuf-2.0 -lm -lgobject-2.0 -lgmodule-2.0 -lgthread-2.0 -lrt -lglib-2.0   >&5
configure:8175: $? = 0
configure:8193: result: yes
configure:8206: checking gdk-pixbuf/gdk-pixbuf.h usability
configure:8223: gcc -c -g -O2 -pthread -I/usr/include/glib-2.0 -I/usr/lib/glib-2.0/include   -pthread -I/usr/include/gtk-2.0 -I/usr/include/glib-2.0 -I/usr/lib/glib-2.0/include    -pthread -I/usr/include/glib-2.0 -I/usr/lib/glib-2.0/include   -I/usr/include/libxml2 -pthread -I/usr/include/gtk-2.0 -I/usr/include/glib-2.0 -I/usr/lib/glib-2.0/include   conftest.c >&5
configure:8229: $? = 0
configure:8243: result: yes
configure:8247: checking gdk-pixbuf/gdk-pixbuf.h presence
configure:8262: gcc -E  -pthread -I/usr/include/glib-2.0 -I/usr/lib/glib-2.0/include   -I/usr/include/libxml2 -pthread -I/usr/include/gtk-2.0 -I/usr/include/glib-2.0 -I/usr/lib/glib-2.0/include   conftest.c
configure:8268: $? = 0
configure:8282: result: yes
configure:8310: checking for gdk-pixbuf/gdk-pixbuf.h
configure:8317: result: yes
configure:8336: checking for main in -lzzipwrap
configure:8365: gcc -o conftest -g -O2 -pthread -I/usr/include/glib-2.0 -I/usr/lib/glib-2.0/include   -pthread -I/usr/include/gtk-2.0 -I/usr/include/glib-2.0 -I/usr/lib/glib-2.0/include    -pthread -I/usr/include/glib-2.0 -I/usr/lib/glib-2.0/include   -I/usr/include/libxml2 -pthread -I/usr/include/gtk-2.0 -I/usr/include/glib-2.0 -I/usr/lib/glib-2.0/include    conftest.c -lzzipwrap   -pthread -lgthread-2.0 -lrt -lglib-2.0   -pthread -lgdk_pixbuf-2.0 -lm -lgobject-2.0 -lgmodule-2.0 -lgthread-2.0 -lrt -lglib-2.0   >&5
configure:8371: $? = 0
configure:8389: result: yes
configure:8402: checking zzip/lib.h usability
configure:8419: gcc -c -g -O2 -pthread -I/usr/include/glib-2.0 -I/usr/lib/glib-2.0/include   -pthread -I/usr/include/gtk-2.0 -I/usr/include/glib-2.0 -I/usr/lib/glib-2.0/include    -pthread -I/usr/include/glib-2.0 -I/usr/lib/glib-2.0/include   -I/usr/include/libxml2 -pthread -I/usr/include/gtk-2.0 -I/usr/include/glib-2.0 -I/usr/lib/glib-2.0/include   conftest.c >&5
configure:8425: $? = 0
configure:8439: result: yes
configure:8443: checking zzip/lib.h presence
configure:8458: gcc -E  -pthread -I/usr/include/glib-2.0 -I/usr/lib/glib-2.0/include   -I/usr/include/libxml2 -pthread -I/usr/include/gtk-2.0 -I/usr/include/glib-2.0 -I/usr/lib/glib-2.0/include   conftest.c
configure:8464: $? = 0
configure:8478: result: yes
configure:8506: checking for zzip/lib.h
configure:8513: result: yes
configure:8678: creating ./config.status

## ---------------------- ##
## Running config.status. ##
## ---------------------- ##

This file was extended by opendias config.status 0.3.2, which was
generated by GNU Autoconf 2.61.  Invocation command line was

  CONFIG_FILES    = 
  CONFIG_HEADERS  = 
  CONFIG_LINKS    = 
  CONFIG_COMMANDS = 
  $ ./config.status 

on wbooth-netbook

config.status:703: creating Makefile
config.status:703: creating src/Makefile
config.status:703: creating sql/Makefile
config.status:703: creating po/Makefile.in
config.status:703: creating config.h
config.status:941: config.h is unchanged
config.status:988: executing depfiles commands
config.status:988: executing default-1 commands
config.status:988: executing intltool commands
config.status:988: executing po/stamp-it commands

## ---------------- ##
## Cache variables. ##
## ---------------- ##

ac_cv_c_compiler_gnu=yes
ac_cv_cxx_compiler_gnu=yes
ac_cv_env_CCC_set=
ac_cv_env_CCC_value=
ac_cv_env_CC_set=
ac_cv_env_CC_value=
ac_cv_env_CFLAGS_set=
ac_cv_env_CFLAGS_value=
ac_cv_env_CPPFLAGS_set=
ac_cv_env_CPPFLAGS_value=
ac_cv_env_CPP_set=
ac_cv_env_CPP_value=
ac_cv_env_CXXFLAGS_set=
ac_cv_env_CXXFLAGS_value=
ac_cv_env_CXX_set=
ac_cv_env_CXX_value=
ac_cv_env_LDFLAGS_set=
ac_cv_env_LDFLAGS_value=
ac_cv_env_LIBS_set=
ac_cv_env_LIBS_value=
ac_cv_env_OPENDIAS_CFLAGS_set=
ac_cv_env_OPENDIAS_CFLAGS_value=
ac_cv_env_OPENDIAS_LIBS_set=
ac_cv_env_OPENDIAS_LIBS_value=
ac_cv_env_PKG_CONFIG_set=
ac_cv_env_PKG_CONFIG_value=
ac_cv_env_build_alias_set=
ac_cv_env_build_alias_value=
ac_cv_env_host_alias_set=
ac_cv_env_host_alias_value=
ac_cv_env_target_alias_set=
ac_cv_env_target_alias_value=
ac_cv_file__usr_include_tesseract_baseapi_h=yes
ac_cv_func_bind_textdomain_codeset=yes
ac_cv_func_dcgettext=yes
ac_cv_header_espeak_speak_lib_h=yes
ac_cv_header_gdk_pixbuf_gdk_pixbuf_h=yes
ac_cv_header_glib_gthread_h=yes
ac_cv_header_inttypes_h=yes
ac_cv_header_libintl_h=yes
ac_cv_header_libxml_parser_h=yes
ac_cv_header_locale_h=yes
ac_cv_header_memory_h=yes
ac_cv_header_pthread_h=yes
ac_cv_header_sane_sane_h=yes
ac_cv_header_stdc=yes
ac_cv_header_stdint_h=yes
ac_cv_header_stdlib_h=yes
ac_cv_header_string_h=yes
ac_cv_header_strings_h=yes
ac_cv_header_sys_stat_h=yes
ac_cv_header_sys_types_h=yes
ac_cv_header_tiff_h=yes
ac_cv_header_unistd_h=yes
ac_cv_header_zzip_lib_h=yes
ac_cv_lib_espeak_main=yes
ac_cv_lib_gdk_pixbuf_2_0_gdk_pixbuf_new=yes
ac_cv_lib_gthread_2_0_g_thread_init=yes
ac_cv_lib_pthread_pthread_create=yes
ac_cv_lib_sane_main=yes
ac_cv_lib_tesseract_full_main=yes
ac_cv_lib_tiff_TIFFOpen=yes
ac_cv_lib_xml2_xmlParseExternalEntity=yes
ac_cv_lib_zzipwrap_main=yes
ac_cv_objext=o
ac_cv_path_EGREP='/bin/grep -E'
ac_cv_path_GMSGFMT=/usr/bin/msgfmt
ac_cv_path_GREP=/bin/grep
ac_cv_path_INTLTOOL_PERL=/usr/bin/perl
ac_cv_path_MSGFMT=/usr/bin/msgfmt
ac_cv_path_MSGMERGE=/usr/bin/msgmerge
ac_cv_path_PKG_CONFIG=/usr/bin/pkg-config
ac_cv_path_XGETTEXT=/usr/bin/xgettext
ac_cv_path_XML2_CONFIG=/usr/bin/xml2-config
ac_cv_path_ac_pt_PKG_CONFIG=/usr/bin/pkg-config
ac_cv_path_install='/usr/bin/install -c'
ac_cv_path_mkdir=/bin/mkdir
ac_cv_prog_AWK=gawk
ac_cv_prog_CPP='gcc -E'
ac_cv_prog_ac_ct_CC=gcc
ac_cv_prog_ac_ct_CXX=g++
ac_cv_prog_cc_c89=
ac_cv_prog_cc_g=yes
ac_cv_prog_cxx_g=yes
ac_cv_prog_make_make_set=yes
am_cv_CC_dependencies_compiler_type=gcc3
am_cv_CXX_dependencies_compiler_type=gcc3
am_cv_prog_cc_stdc=
am_cv_val_LC_MESSAGES=yes
gt_cv_func_dgettext_libc=yes
gt_cv_func_dgettext_libintl=no
gt_cv_func_ngettext_libc=yes
gt_cv_have_gettext=yes
pkg_cv_OPENDIAS_CFLAGS='-pthread -D_REENTRANT -I/usr/include/gtk-2.0 -I/usr/lib/gtk-2.0/include -I/usr/include/atk-1.0 -I/usr/include/cairo -I/usr/include/pango-1.0 -I/usr/include/gio-unix-2.0/ -I/usr/include/glib-2.0 -I/usr/lib/glib-2.0/include -I/usr/include/pixman-1 -I/usr/include/freetype2 -I/usr/include/directfb -I/usr/include/libpng12  '
pkg_cv_OPENDIAS_LIBS='-pthread -lsqlite3 -lgtk-x11-2.0 -lgdk-x11-2.0 -latk-1.0 -lgio-2.0 -lpangoft2-1.0 -lgdk_pixbuf-2.0 -lm -lpangocairo-1.0 -lcairo -lpango-1.0 -lfreetype -lfontconfig -lgobject-2.0 -lgmodule-2.0 -lgthread-2.0 -lrt -lglib-2.0  '

## ----------------- ##
## Output variables. ##
## ----------------- ##

ACLOCAL='${SHELL} /home/wbooth/store/nonweb/opendias/builds/opendias-0.3.2/missing --run aclocal-1.10'
ALL_LINGUAS=''
AMDEPBACKSLASH='\'
AMDEP_FALSE='#'
AMDEP_TRUE=''
AMTAR='${SHELL} /home/wbooth/store/nonweb/opendias/builds/opendias-0.3.2/missing --run tar'
AUTOCONF='${SHELL} /home/wbooth/store/nonweb/opendias/builds/opendias-0.3.2/missing --run autoconf'
AUTOHEADER='${SHELL} /home/wbooth/store/nonweb/opendias/builds/opendias-0.3.2/missing --run autoheader'
AUTOMAKE='${SHELL} /home/wbooth/store/nonweb/opendias/builds/opendias-0.3.2/missing --run automake-1.10'
AWK='gawk'
CATALOGS=''
CATOBJEXT='.gmo'
CC='gcc'
CCDEPMODE='depmode=gcc3'
CFLAGS='-g -O2 -pthread -I/usr/include/glib-2.0 -I/usr/lib/glib-2.0/include   -pthread -I/usr/include/gtk-2.0 -I/usr/include/glib-2.0 -I/usr/lib/glib-2.0/include  '
CPP='gcc -E'
CPPFLAGS=' -pthread -I/usr/include/glib-2.0 -I/usr/lib/glib-2.0/include   -I/usr/include/libxml2 -pthread -I/usr/include/gtk-2.0 -I/usr/include/glib-2.0 -I/usr/lib/glib-2.0/include  '
CXX='g++'
CXXDEPMODE='depmode=gcc3'
CXXFLAGS='-g -O2'
CYGPATH_W='echo'
DATADIRNAME='share'
DEFS='-DHAVE_CONFIG_H'
DEPDIR='.deps'
ECHO_C=''
ECHO_N='-n'
ECHO_T=''
EGREP='/bin/grep -E'
EXEEXT=''
GETTEXT_PACKAGE='opendias'
GMOFILES=''
GMSGFMT='/usr/bin/msgfmt'
GREP='/bin/grep'
INSTALL_DATA='${INSTALL} -m 644'
INSTALL_PROGRAM='${INSTALL}'
INSTALL_SCRIPT='${INSTALL}'
INSTALL_STRIP_PROGRAM='$(install_sh) -c -s'
INSTOBJEXT='.mo'
INTLLIBS=''
INTLTOOL_CAVES_RULE='%.caves:     %.caves.in     $(INTLTOOL_MERGE) $(wildcard $(top_srcdir)/po/*.po) ; LC_ALL=C $(INTLTOOL_MERGE) -d -u -c $(top_builddir)/po/.intltool-merge-cache $(top_srcdir)/po $< $@'
INTLTOOL_DESKTOP_RULE='%.desktop:   %.desktop.in   $(INTLTOOL_MERGE) $(wildcard $(top_srcdir)/po/*.po) ; LC_ALL=C $(INTLTOOL_MERGE) -d -u -c $(top_builddir)/po/.intltool-merge-cache $(top_srcdir)/po $< $@'
INTLTOOL_DIRECTORY_RULE='%.directory: %.directory.in $(INTLTOOL_MERGE) $(wildcard $(top_srcdir)/po/*.po) ; LC_ALL=C $(INTLTOOL_MERGE) -d -u -c $(top_builddir)/po/.intltool-merge-cache $(top_srcdir)/po $< $@'
INTLTOOL_EXTRACT='$(top_builddir)/intltool-extract'
INTLTOOL_KBD_RULE='%.kbd:       %.kbd.in       $(INTLTOOL_MERGE) $(wildcard $(top_srcdir)/po/*.po) ; LC_ALL=C $(INTLTOOL_MERGE) -x -u -m -c $(top_builddir)/po/.intltool-merge-cache $(top_srcdir)/po $< $@'
INTLTOOL_KEYS_RULE='%.keys:      %.keys.in      $(INTLTOOL_MERGE) $(wildcard $(top_srcdir)/po/*.po) ; LC_ALL=C $(INTLTOOL_MERGE) -k -u -c $(top_builddir)/po/.intltool-merge-cache $(top_srcdir)/po $< $@'
INTLTOOL_MERGE='$(top_builddir)/intltool-merge'
INTLTOOL_OAF_RULE='%.oaf:       %.oaf.in       $(INTLTOOL_MERGE) $(wildcard $(top_srcdir)/po/*.po) ; LC_ALL=C $(INTLTOOL_MERGE) -o -p $(top_srcdir)/po $< $@'
INTLTOOL_PERL='/usr/bin/perl'
INTLTOOL_POLICY_RULE='%.policy:    %.policy.in    $(INTLTOOL_MERGE) $(wildcard $(top_srcdir)/po/*.po) ; LC_ALL=C $(INTLTOOL_MERGE) -x -u -c $(top_builddir)/po/.intltool-merge-cache $(top_srcdir)/po $< $@'
INTLTOOL_PONG_RULE='%.pong:      %.pong.in      $(INTLTOOL_MERGE) $(wildcard $(top_srcdir)/po/*.po) ; LC_ALL=C $(INTLTOOL_MERGE) -x -u -c $(top_builddir)/po/.intltool-merge-cache $(top_srcdir)/po $< $@'
INTLTOOL_PROP_RULE='%.prop:      %.prop.in      $(INTLTOOL_MERGE) $(wildcard $(top_srcdir)/po/*.po) ; LC_ALL=C $(INTLTOOL_MERGE) -d -u -c $(top_builddir)/po/.intltool-merge-cache $(top_srcdir)/po $< $@'
INTLTOOL_SCHEMAS_RULE='%.schemas:   %.schemas.in   $(INTLTOOL_MERGE) $(wildcard $(top_srcdir)/po/*.po) ; LC_ALL=C $(INTLTOOL_MERGE) -s -u -c $(top_builddir)/po/.intltool-merge-cache $(top_srcdir)/po $< $@'
INTLTOOL_SERVER_RULE='%.server:    %.server.in    $(INTLTOOL_MERGE) $(wildcard $(top_srcdir)/po/*.po) ; LC_ALL=C $(INTLTOOL_MERGE) -o -u -c $(top_builddir)/po/.intltool-merge-cache $(top_srcdir)/po $< $@'
INTLTOOL_SERVICE_RULE='%.service: %.service.in   $(INTLTOOL_MERGE) $(wildcard $(top_srcdir)/po/*.po) ; LC_ALL=C $(INTLTOOL_MERGE) -d -u -c $(top_builddir)/po/.intltool-merge-cache $(top_srcdir)/po $< $@'
INTLTOOL_SHEET_RULE='%.sheet:     %.sheet.in     $(INTLTOOL_MERGE) $(wildcard $(top_srcdir)/po/*.po) ; LC_ALL=C $(INTLTOOL_MERGE) -x -u -c $(top_builddir)/po/.intltool-merge-cache $(top_srcdir)/po $< $@'
INTLTOOL_SOUNDLIST_RULE='%.soundlist: %.soundlist.in $(INTLTOOL_MERGE) $(wildcard $(top_srcdir)/po/*.po) ; LC_ALL=C $(INTLTOOL_MERGE) -d -u -c $(top_builddir)/po/.intltool-merge-cache $(top_srcdir)/po $< $@'
INTLTOOL_THEME_RULE='%.theme:     %.theme.in     $(INTLTOOL_MERGE) $(wildcard $(top_srcdir)/po/*.po) ; LC_ALL=C $(INTLTOOL_MERGE) -d -u -c $(top_builddir)/po/.intltool-merge-cache $(top_srcdir)/po $< $@'
INTLTOOL_UI_RULE='%.ui:        %.ui.in        $(INTLTOOL_MERGE) $(wildcard $(top_srcdir)/po/*.po) ; LC_ALL=C $(INTLTOOL_MERGE) -x -u -c $(top_builddir)/po/.intltool-merge-cache $(top_srcdir)/po $< $@'
INTLTOOL_UPDATE='$(top_builddir)/intltool-update'
INTLTOOL_XAM_RULE='%.xam:       %.xml.in       $(INTLTOOL_MERGE) $(wildcard $(top_srcdir)/po/*.po) ; LC_ALL=C $(INTLTOOL_MERGE) -x -u -c $(top_builddir)/po/.intltool-merge-cache $(top_srcdir)/po $< $@'
INTLTOOL_XML_NOMERGE_RULE='%.xml:       %.xml.in       $(INTLTOOL_MERGE) ; LC_ALL=C $(INTLTOOL_MERGE) -x -u /tmp $< $@'
INTLTOOL_XML_RULE='%.xml:       %.xml.in       $(INTLTOOL_MERGE) $(wildcard $(top_srcdir)/po/*.po) ; LC_ALL=C $(INTLTOOL_MERGE) -x -u -c $(top_builddir)/po/.intltool-merge-cache $(top_srcdir)/po $< $@'
LDFLAGS=''
LIBOBJS=''
LIBS=' -pthread -lgthread-2.0 -lrt -lglib-2.0   -pthread -lgdk_pixbuf-2.0 -lm -lgobject-2.0 -lgmodule-2.0 -lgthread-2.0 -lrt -lglib-2.0  '
LTLIBOBJS=''
MAINT='#'
MAINTAINER_MODE_FALSE=''
MAINTAINER_MODE_TRUE='#'
MAKEINFO='${SHELL} /home/wbooth/store/nonweb/opendias/builds/opendias-0.3.2/missing --run makeinfo'
MKINSTALLDIRS='./mkinstalldirs'
MSGFMT='/usr/bin/msgfmt'
MSGFMT_OPTS='-c'
MSGMERGE='/usr/bin/msgmerge'
OBJEXT='o'
OPENDIAS_CFLAGS='-pthread -D_REENTRANT -I/usr/include/gtk-2.0 -I/usr/lib/gtk-2.0/include -I/usr/include/atk-1.0 -I/usr/include/cairo -I/usr/include/pango-1.0 -I/usr/include/gio-unix-2.0/ -I/usr/include/glib-2.0 -I/usr/lib/glib-2.0/include -I/usr/include/pixman-1 -I/usr/include/freetype2 -I/usr/include/directfb -I/usr/include/libpng12   -pthread -I/usr/include/glib-2.0 -I/usr/lib/glib-2.0/include    -I/usr/include/libxml2 -pthread -I/usr/include/gtk-2.0 -I/usr/include/glib-2.0 -I/usr/lib/glib-2.0/include   '
OPENDIAS_LIBS='-pthread -lsqlite3 -lgtk-x11-2.0 -lgdk-x11-2.0 -latk-1.0 -lgio-2.0 -lpangoft2-1.0 -lgdk_pixbuf-2.0 -lm -lpangocairo-1.0 -lcairo -lpango-1.0 -lfreetype -lfontconfig -lgobject-2.0 -lgmodule-2.0 -lgthread-2.0 -lrt -lglib-2.0   -pthread -lgthread-2.0 -lrt -lglib-2.0   -lpthread  -lsane  -ltesseract_full -ltiff  -lespeak  -lxml2 -lzzip -pthread -lgdk_pixbuf-2.0 -lm -lgobject-2.0 -lgmodule-2.0 -lgthread-2.0 -lrt -lglib-2.0   '
PACKAGE='opendias'
PACKAGE_BUGREPORT=''
PACKAGE_NAME='opendias'
PACKAGE_STRING='opendias 0.3.2'
PACKAGE_TARNAME='opendias'
PACKAGE_VERSION='0.3.2'
PATH_SEPARATOR=':'
PKG_CONFIG='/usr/bin/pkg-config'
POFILES=''
POSUB='po'
PO_IN_DATADIR_FALSE=''
PO_IN_DATADIR_TRUE=''
SET_MAKE=''
SHELL='/bin/bash'
STRIP=''
USE_NLS='yes'
VERSION='0.3.2'
XGETTEXT='/usr/bin/xgettext'
XML2_CONFIG='/usr/bin/xml2-config'
ac_ct_CC='gcc'
ac_ct_CXX='g++'
am__fastdepCC_FALSE='#'
am__fastdepCC_TRUE=''
am__fastdepCXX_FALSE='#'
am__fastdepCXX_TRUE=''
am__include='include'
am__isrc=''
am__leading_dot='.'
am__quote=''
am__tar='${AMTAR} chof - "$$tardir"'
am__untar='${AMTAR} xf -'
bindir='${exec_prefix}/bin'
build_alias=''
datadir='${datarootdir}'
datarootdir='${prefix}/share'
docdir='${datarootdir}/doc/${PACKAGE_TARNAME}'
dvidir='${docdir}'
exec_prefix='${prefix}'
host_alias=''
htmldir='${docdir}'
includedir='${prefix}/include'
infodir='${datarootdir}/info'
install_sh='$(SHELL) /home/wbooth/store/nonweb/opendias/builds/opendias-0.3.2/install-sh'
libdir='${exec_prefix}/lib'
libexecdir='${exec_prefix}/libexec'
localedir='${datarootdir}/locale'
localstatedir='${prefix}/var'
mandir='${datarootdir}/man'
mkdir_p='/bin/mkdir -p'
oldincludedir='/usr/include'
pdfdir='${docdir}'
prefix='/usr/local'
program_transform_name='s,x,x,'
psdir='${docdir}'
sbindir='${exec_prefix}/sbin'
sharedstatedir='${prefix}/com'
sysconfdir='${prefix}/etc'
target_alias=''

## ----------- ##
## confdefs.h. ##
## ----------- ##

#define PACKAGE_NAME "opendias"
#define PACKAGE_TARNAME "opendias"
#define PACKAGE_VERSION "0.3.2"
#define PACKAGE_STRING "opendias 0.3.2"
#define PACKAGE_BUGREPORT ""
#define PACKAGE "opendias"
#define VERSION "0.3.2"
#define STDC_HEADERS 1
#define GETTEXT_PACKAGE "opendias"
#define HAVE_SYS_TYPES_H 1
#define HAVE_SYS_STAT_H 1
#define HAVE_STDLIB_H 1
#define HAVE_STRING_H 1
#define HAVE_MEMORY_H 1
#define HAVE_STRINGS_H 1
#define HAVE_INTTYPES_H 1
#define HAVE_STDINT_H 1
#define HAVE_UNISTD_H 1
#define HAVE_LOCALE_H 1
#define HAVE_LC_MESSAGES 1
#define HAVE_BIND_TEXTDOMAIN_CODESET 1
#define HAVE_GETTEXT 1
#define HAVE_DCGETTEXT 1
#define ENABLE_NLS 1
#define CAN_THREAD
#define CAN_SCAN
#define CAN_OCR
#define CAN_SPEAK
#define CAN_READODF

configure: exit 0
