This file contains any messages produced by compilers while
running configure, to aid debugging if configure makes a mistake.

It was created by opendias configure 0.2.1, which was
generated by GNU Autoconf 2.61.  Invocation command line was

  $ ./configure --host=i486-linux-gnu --build=i486-linux-gnu --prefix=/usr --mandir=${prefix}/share/man --infodir=${prefix}/share/info CFLAGS=-g -O2 LDFLAGS=-Wl,-z,defs

## --------- ##
## Platform. ##
## --------- ##

hostname = study-desktop
uname -m = i686
uname -r = 2.6.24-17-generic
uname -s = Linux
uname -v = #1 SMP Thu May 1 14:31:33 UTC 2008

/usr/bin/uname -p = unknown
/bin/uname -X     = unknown

/bin/arch              = unknown
/usr/bin/arch -k       = unknown
/usr/convex/getsysinfo = unknown
/usr/bin/hostinfo      = unknown
/bin/machine           = unknown
/usr/bin/oslevel       = unknown
/bin/universe          = unknown

PATH: /home/wbooth/bin
PATH: /usr/local/sbin
PATH: /usr/local/bin
PATH: /usr/sbin
PATH: /usr/bin
PATH: /sbin
PATH: /bin
PATH: /usr/games


## ----------- ##
## Core tests. ##
## ----------- ##

configure:1840: checking for a BSD-compatible install
configure:1896: result: /usr/bin/install -c
configure:1907: checking whether build environment is sane
configure:1950: result: yes
configure:1978: checking for a thread-safe mkdir -p
configure:2017: result: /bin/mkdir -p
configure:2030: checking for gawk
configure:2060: result: no
configure:2030: checking for mawk
configure:2046: found /usr/bin/mawk
configure:2057: result: mawk
configure:2068: checking whether make sets $(MAKE)
configure:2089: result: yes
configure:2279: checking whether to enable maintainer-specific portions of Makefiles
configure:2288: result: no
configure:2316: checking for i486-linux-gnu-g++
configure:2332: found /usr/bin/i486-linux-gnu-g++
configure:2343: result: i486-linux-gnu-g++
configure:2418: checking for C++ compiler version
configure:2425: i486-linux-gnu-g++ --version >&5
i486-linux-gnu-g++ (GCC) 4.2.3 (Ubuntu 4.2.3-2ubuntu7)
Copyright (C) 2007 Free Software Foundation, Inc.
This is free software; see the source for copying conditions.  There is NO
warranty; not even for MERCHANTABILITY or FITNESS FOR A PARTICULAR PURPOSE.

configure:2428: $? = 0
configure:2435: i486-linux-gnu-g++ -v >&5
Using built-in specs.
Target: i486-linux-gnu
Configured with: ../src/configure -v --enable-languages=c,c++,fortran,objc,obj-c++,treelang --prefix=/usr --enable-shared --with-system-zlib --libexecdir=/usr/lib --without-included-gettext --enable-threads=posix --enable-nls --with-gxx-include-dir=/usr/include/c++/4.2 --program-suffix=-4.2 --enable-clocale=gnu --enable-libstdcxx-debug --enable-objc-gc --enable-mpfr --enable-targets=all --enable-checking=release --build=i486-linux-gnu --host=i486-linux-gnu --target=i486-linux-gnu
Thread model: posix
gcc version 4.2.3 (Ubuntu 4.2.3-2ubuntu7)
configure:2438: $? = 0
configure:2445: i486-linux-gnu-g++ -V >&5
i486-linux-gnu-g++: '-V' option must have argument
configure:2448: $? = 1
configure:2471: checking for C++ compiler default output file name
configure:2498: i486-linux-gnu-g++ -g -O2  -Wl,-z,defs conftest.cpp  >&5
configure:2501: $? = 0
configure:2539: result: a.out
configure:2556: checking whether the C++ compiler works
configure:2566: ./a.out
configure:2569: $? = 0
configure:2586: result: yes
configure:2593: checking whether we are cross compiling
configure:2595: result: no
configure:2598: checking for suffix of executables
configure:2605: i486-linux-gnu-g++ -o conftest -g -O2  -Wl,-z,defs conftest.cpp  >&5
configure:2608: $? = 0
configure:2632: result: 
configure:2638: checking for suffix of object files
configure:2664: i486-linux-gnu-g++ -c -g -O2  conftest.cpp >&5
configure:2667: $? = 0
configure:2690: result: o
configure:2694: checking whether we are using the GNU C++ compiler
configure:2723: i486-linux-gnu-g++ -c -g -O2  conftest.cpp >&5
configure:2729: $? = 0
configure:2746: result: yes
configure:2751: checking whether i486-linux-gnu-g++ accepts -g
configure:2781: i486-linux-gnu-g++ -c -g  conftest.cpp >&5
configure:2787: $? = 0
configure:2886: result: yes
configure:2920: checking for style of include used by make
configure:2948: result: GNU
configure:2973: checking dependency style of i486-linux-gnu-g++
configure:3064: result: gcc3
configure:3087: checking for i486-linux-gnu-gcc
configure:3103: found /usr/bin/i486-linux-gnu-gcc
configure:3114: result: i486-linux-gnu-gcc
configure:3392: checking for C compiler version
configure:3399: i486-linux-gnu-gcc --version >&5
i486-linux-gnu-gcc (GCC) 4.2.3 (Ubuntu 4.2.3-2ubuntu7)
Copyright (C) 2007 Free Software Foundation, Inc.
This is free software; see the source for copying conditions.  There is NO
warranty; not even for MERCHANTABILITY or FITNESS FOR A PARTICULAR PURPOSE.

configure:3402: $? = 0
configure:3409: i486-linux-gnu-gcc -v >&5
Using built-in specs.
Target: i486-linux-gnu
Configured with: ../src/configure -v --enable-languages=c,c++,fortran,objc,obj-c++,treelang --prefix=/usr --enable-shared --with-system-zlib --libexecdir=/usr/lib --without-included-gettext --enable-threads=posix --enable-nls --with-gxx-include-dir=/usr/include/c++/4.2 --program-suffix=-4.2 --enable-clocale=gnu --enable-libstdcxx-debug --enable-objc-gc --enable-mpfr --enable-targets=all --enable-checking=release --build=i486-linux-gnu --host=i486-linux-gnu --target=i486-linux-gnu
Thread model: posix
gcc version 4.2.3 (Ubuntu 4.2.3-2ubuntu7)
configure:3412: $? = 0
configure:3419: i486-linux-gnu-gcc -V >&5
i486-linux-gnu-gcc: '-V' option must have argument
configure:3422: $? = 1
configure:3425: checking whether we are using the GNU C compiler
configure:3454: i486-linux-gnu-gcc -c -g -O2  conftest.c >&5
configure:3460: $? = 0
configure:3477: result: yes
configure:3482: checking whether i486-linux-gnu-gcc accepts -g
configure:3512: i486-linux-gnu-gcc -c -g  conftest.c >&5
configure:3518: $? = 0
configure:3617: result: yes
configure:3634: checking for i486-linux-gnu-gcc option to accept ISO C89
configure:3708: i486-linux-gnu-gcc  -c -g -O2  conftest.c >&5
configure:3714: $? = 0
configure:3737: result: none needed
configure:3757: checking dependency style of i486-linux-gnu-gcc
configure:3848: result: gcc3
configure:3872: checking how to run the C preprocessor
configure:3912: i486-linux-gnu-gcc -E  conftest.c
configure:3918: $? = 0
configure:3949: i486-linux-gnu-gcc -E  conftest.c
conftest.c:10:28: error: ac_nonexistent.h: No such file or directory
configure:3955: $? = 1
configure: failed program was:
| /* confdefs.h.  */
| #define PACKAGE_NAME "opendias"
| #define PACKAGE_TARNAME "opendias"
| #define PACKAGE_VERSION "0.2.1"
| #define PACKAGE_STRING "opendias 0.2.1"
| #define PACKAGE_BUGREPORT ""
| #define PACKAGE "opendias"
| #define VERSION "0.2.1"
| /* end confdefs.h.  */
| #include <ac_nonexistent.h>
configure:3988: result: i486-linux-gnu-gcc -E
configure:4017: i486-linux-gnu-gcc -E  conftest.c
configure:4023: $? = 0
configure:4054: i486-linux-gnu-gcc -E  conftest.c
conftest.c:10:28: error: ac_nonexistent.h: No such file or directory
configure:4060: $? = 1
configure: failed program was:
| /* confdefs.h.  */
| #define PACKAGE_NAME "opendias"
| #define PACKAGE_TARNAME "opendias"
| #define PACKAGE_VERSION "0.2.1"
| #define PACKAGE_STRING "opendias 0.2.1"
| #define PACKAGE_BUGREPORT ""
| #define PACKAGE "opendias"
| #define VERSION "0.2.1"
| /* end confdefs.h.  */
| #include <ac_nonexistent.h>
configure:4098: checking for grep that handles long lines and -e
configure:4172: result: /bin/grep
configure:4177: checking for egrep
configure:4255: result: /bin/grep -E
configure:4260: checking for ANSI C header files
configure:4290: i486-linux-gnu-gcc -c -g -O2  conftest.c >&5
configure:4296: $? = 0
configure:4395: i486-linux-gnu-gcc -o conftest -g -O2  -Wl,-z,defs conftest.c  >&5
configure:4398: $? = 0
configure:4404: ./conftest
configure:4407: $? = 0
configure:4424: result: yes
configure:4459: checking for sys/types.h
configure:4480: i486-linux-gnu-gcc -c -g -O2  conftest.c >&5
configure:4486: $? = 0
configure:4502: result: yes
configure:4459: checking for sys/stat.h
configure:4480: i486-linux-gnu-gcc -c -g -O2  conftest.c >&5
configure:4486: $? = 0
configure:4502: result: yes
configure:4459: checking for stdlib.h
configure:4480: i486-linux-gnu-gcc -c -g -O2  conftest.c >&5
configure:4486: $? = 0
configure:4502: result: yes
configure:4459: checking for string.h
configure:4480: i486-linux-gnu-gcc -c -g -O2  conftest.c >&5
configure:4486: $? = 0
configure:4502: result: yes
configure:4459: checking for memory.h
configure:4480: i486-linux-gnu-gcc -c -g -O2  conftest.c >&5
configure:4486: $? = 0
configure:4502: result: yes
configure:4459: checking for strings.h
configure:4480: i486-linux-gnu-gcc -c -g -O2  conftest.c >&5
configure:4486: $? = 0
configure:4502: result: yes
configure:4459: checking for inttypes.h
configure:4480: i486-linux-gnu-gcc -c -g -O2  conftest.c >&5
configure:4486: $? = 0
configure:4502: result: yes
configure:4459: checking for stdint.h
configure:4480: i486-linux-gnu-gcc -c -g -O2  conftest.c >&5
configure:4486: $? = 0
configure:4502: result: yes
configure:4459: checking for unistd.h
configure:4480: i486-linux-gnu-gcc -c -g -O2  conftest.c >&5
configure:4486: $? = 0
configure:4502: result: yes
configure:4530: checking locale.h usability
configure:4547: i486-linux-gnu-gcc -c -g -O2  conftest.c >&5
configure:4553: $? = 0
configure:4567: result: yes
configure:4571: checking locale.h presence
configure:4586: i486-linux-gnu-gcc -E  conftest.c
configure:4592: $? = 0
configure:4606: result: yes
configure:4634: checking for locale.h
configure:4642: result: yes
configure:4656: checking for LC_MESSAGES
configure:4682: i486-linux-gnu-gcc -o conftest -g -O2  -Wl,-z,defs conftest.c  >&5
configure:4688: $? = 0
configure:4705: result: yes
configure:4734: checking libintl.h usability
configure:4751: i486-linux-gnu-gcc -c -g -O2  conftest.c >&5
configure:4757: $? = 0
configure:4771: result: yes
configure:4775: checking libintl.h presence
configure:4790: i486-linux-gnu-gcc -E  conftest.c
configure:4796: $? = 0
configure:4810: result: yes
configure:4838: checking for libintl.h
configure:4845: result: yes
configure:4856: checking for ngettext in libc
configure:4884: i486-linux-gnu-gcc -o conftest -g -O2  -Wl,-z,defs conftest.c  >&5
configure:4890: $? = 0
configure:4908: result: yes
configure:4912: checking for dgettext in libc
configure:4940: i486-linux-gnu-gcc -o conftest -g -O2  -Wl,-z,defs conftest.c  >&5
configure:4946: $? = 0
configure:4964: result: yes
configure:4973: checking for bind_textdomain_codeset
configure:5029: i486-linux-gnu-gcc -o conftest -g -O2  -Wl,-z,defs conftest.c  >&5
configure:5035: $? = 0
configure:5053: result: yes
configure:5540: checking for msgfmt
configure:5567: result: /usr/bin/msgfmt
configure:5580: checking for dcgettext
configure:5636: i486-linux-gnu-gcc -o conftest -g -O2  -Wl,-z,defs conftest.c   >&5
conftest.c:48: warning: conflicting types for built-in function 'dcgettext'
configure:5642: $? = 0
configure:5660: result: yes
configure:5671: checking if msgfmt accepts -c
configure:5686: $MSGFMT -c -o /dev/null conftest.foo
configure:5689: $? = 0
configure:5691: result: yes
configure:5701: checking for gmsgfmt
configure:5732: result: /usr/bin/msgfmt
configure:5742: checking for xgettext
configure:5769: result: /usr/bin/xgettext
configure:5798: i486-linux-gnu-gcc -o conftest -g -O2  -Wl,-z,defs conftest.c   >&5
configure:5804: $? = 0
configure:6042: checking for intltool >= 0.35.0
configure:6049: result: 0.37.1 found
configure:6100: checking for xgettext
configure:6130: result: /usr/bin/xgettext
configure:6140: checking for msgmerge
configure:6158: found /usr/bin/msgmerge
configure:6170: result: /usr/bin/msgmerge
configure:6180: checking for msgfmt
configure:6210: result: /usr/bin/msgfmt
configure:6242: checking for perl
configure:6260: found /usr/bin/perl
configure:6272: result: /usr/bin/perl
configure:6291: checking for XML::Parser
configure:6294: result: ok
configure:6468: checking for i486-linux-gnu-pkg-config
configure:6501: result: no
configure:6511: checking for pkg-config
configure:6529: found /usr/bin/pkg-config
configure:6541: result: /usr/bin/pkg-config
configure:6570: checking pkg-config is at least version 0.9.0
configure:6573: result: yes
configure:6584: checking for OPENDIAS
configure:6592: $PKG_CONFIG --exists --print-errors "sqlite3 gtk+-2.0"
configure:6595: $? = 0
configure:6610: $PKG_CONFIG --exists --print-errors "sqlite3 gtk+-2.0"
configure:6613: $? = 0
configure:6689: result: yes
configure:6698: checking for main in -lsane
configure:6727: i486-linux-gnu-gcc -o conftest -g -O2  -Wl,-z,defs conftest.c -lsane   >&5
configure:6733: $? = 0
configure:6751: result: yes
configure:6764: checking sane/sane.h usability
configure:6781: i486-linux-gnu-gcc -c -g -O2  conftest.c >&5
configure:6787: $? = 0
configure:6801: result: yes
configure:6805: checking sane/sane.h presence
configure:6820: i486-linux-gnu-gcc -E  conftest.c
configure:6826: $? = 0
configure:6840: result: yes
configure:6868: checking for sane/sane.h
configure:6875: result: yes
configure:6906: checking for TIFFOpen in -ltiff
configure:6941: i486-linux-gnu-gcc -o conftest -g -O2  -Wl,-z,defs conftest.c -ltiff   >&5
configure:6947: $? = 0
configure:6965: result: yes
configure:6978: checking tiff.h usability
configure:6995: i486-linux-gnu-gcc -c -g -O2  conftest.c >&5
configure:7001: $? = 0
configure:7015: result: yes
configure:7019: checking tiff.h presence
configure:7034: i486-linux-gnu-gcc -E  conftest.c
configure:7040: $? = 0
configure:7054: result: yes
configure:7082: checking for tiff.h
configure:7089: result: yes
configure:7107: checking for main in -ltesseract_full
configure:7136: i486-linux-gnu-gcc -o conftest -g -O2  -Wl,-z,defs conftest.c -ltesseract_full   >&5
configure:7142: $? = 0
configure:7160: result: yes
configure:7163: checking for /usr/include/tesseract/baseapi.h
configure:7178: result: yes
configure:7206: checking for main in -lespeak
configure:7235: i486-linux-gnu-gcc -o conftest -g -O2  -Wl,-z,defs conftest.c -lespeak   >&5
configure:7241: $? = 0
configure:7259: result: yes
configure:7272: checking espeak/speak_lib.h usability
configure:7289: i486-linux-gnu-gcc -c -g -O2  conftest.c >&5
configure:7295: $? = 0
configure:7309: result: yes
configure:7313: checking espeak/speak_lib.h presence
configure:7328: i486-linux-gnu-gcc -E  conftest.c
configure:7334: $? = 0
configure:7348: result: yes
configure:7376: checking for espeak/speak_lib.h
configure:7383: result: yes
configure:7414: checking for xmlParseExternalEntity in -lxml2
configure:7449: i486-linux-gnu-gcc -o conftest -g -O2  -Wl,-z,defs conftest.c -lxml2   >&5
configure:7455: $? = 0
configure:7473: result: yes
configure:7478: checking for xml2-config
configure:7496: found /usr/bin/xml2-config
configure:7509: result: /usr/bin/xml2-config
configure:7531: checking libxml/parser.h usability
configure:7548: i486-linux-gnu-gcc -c -g -O2  -I/usr/include/libxml2 conftest.c >&5
configure:7554: $? = 0
configure:7568: result: yes
configure:7572: checking libxml/parser.h presence
configure:7587: i486-linux-gnu-gcc -E  -I/usr/include/libxml2 conftest.c
configure:7593: $? = 0
configure:7607: result: yes
configure:7635: checking for libxml/parser.h
configure:7642: result: yes
configure:7662: checking for pkg-config
configure:7693: result: /usr/bin/pkg-config
configure:7707: checking for gdk_pixbuf_new in -lgdk_pixbuf-2.0
configure:7742: i486-linux-gnu-gcc -o conftest -g -O2 -I/usr/include/gtk-2.0 -I/usr/include/glib-2.0 -I/usr/lib/glib-2.0/include    -I/usr/include/libxml2 -I/usr/include/gtk-2.0 -I/usr/include/glib-2.0 -I/usr/lib/glib-2.0/include   -Wl,-z,defs conftest.c -lgdk_pixbuf-2.0   -lgdk_pixbuf-2.0 -lm -lgobject-2.0 -lgmodule-2.0 -ldl -lglib-2.0   >&5
configure:7748: $? = 0
configure:7766: result: yes
configure:7779: checking gdk-pixbuf/gdk-pixbuf.h usability
configure:7796: i486-linux-gnu-gcc -c -g -O2 -I/usr/include/gtk-2.0 -I/usr/include/glib-2.0 -I/usr/lib/glib-2.0/include    -I/usr/include/libxml2 -I/usr/include/gtk-2.0 -I/usr/include/glib-2.0 -I/usr/lib/glib-2.0/include   conftest.c >&5
configure:7802: $? = 0
configure:7816: result: yes
configure:7820: checking gdk-pixbuf/gdk-pixbuf.h presence
configure:7835: i486-linux-gnu-gcc -E  -I/usr/include/libxml2 -I/usr/include/gtk-2.0 -I/usr/include/glib-2.0 -I/usr/lib/glib-2.0/include   conftest.c
configure:7841: $? = 0
configure:7855: result: yes
configure:7883: checking for gdk-pixbuf/gdk-pixbuf.h
configure:7890: result: yes
configure:7909: checking for main in -lzzipwrap
configure:7938: i486-linux-gnu-gcc -o conftest -g -O2 -I/usr/include/gtk-2.0 -I/usr/include/glib-2.0 -I/usr/lib/glib-2.0/include    -I/usr/include/libxml2 -I/usr/include/gtk-2.0 -I/usr/include/glib-2.0 -I/usr/lib/glib-2.0/include   -Wl,-z,defs conftest.c -lzzipwrap   -lgdk_pixbuf-2.0 -lm -lgobject-2.0 -lgmodule-2.0 -ldl -lglib-2.0   >&5
configure:7944: $? = 0
configure:7962: result: yes
configure:7975: checking zzip/lib.h usability
configure:7992: i486-linux-gnu-gcc -c -g -O2 -I/usr/include/gtk-2.0 -I/usr/include/glib-2.0 -I/usr/lib/glib-2.0/include    -I/usr/include/libxml2 -I/usr/include/gtk-2.0 -I/usr/include/glib-2.0 -I/usr/lib/glib-2.0/include   conftest.c >&5
configure:7998: $? = 0
configure:8012: result: yes
configure:8016: checking zzip/lib.h presence
configure:8031: i486-linux-gnu-gcc -E  -I/usr/include/libxml2 -I/usr/include/gtk-2.0 -I/usr/include/glib-2.0 -I/usr/lib/glib-2.0/include   conftest.c
configure:8037: $? = 0
configure:8051: result: yes
configure:8079: checking for zzip/lib.h
configure:8086: result: yes
configure:8251: creating ./config.status

## ---------------------- ##
## Running config.status. ##
## ---------------------- ##

This file was extended by opendias config.status 0.2.1, which was
generated by GNU Autoconf 2.61.  Invocation command line was

  CONFIG_FILES    = 
  CONFIG_HEADERS  = 
  CONFIG_LINKS    = 
  CONFIG_COMMANDS = 
  $ ./config.status 

on study-desktop

config.status:703: creating Makefile
config.status:703: creating src/Makefile
config.status:703: creating sql/Makefile
config.status:703: creating po/Makefile.in
config.status:703: creating config.h
config.status:987: executing depfiles commands
config.status:987: executing default-1 commands
config.status:987: executing intltool commands
config.status:987: executing po/stamp-it commands

## ---------------- ##
## Cache variables. ##
## ---------------- ##

ac_cv_c_compiler_gnu=yes
ac_cv_cxx_compiler_gnu=yes
ac_cv_env_CCC_set=
ac_cv_env_CCC_value=
ac_cv_env_CC_set=
ac_cv_env_CC_value=
ac_cv_env_CFLAGS_set=set
ac_cv_env_CFLAGS_value='-g -O2'
ac_cv_env_CPPFLAGS_set=set
ac_cv_env_CPPFLAGS_value=
ac_cv_env_CPP_set=
ac_cv_env_CPP_value=
ac_cv_env_CXXFLAGS_set=set
ac_cv_env_CXXFLAGS_value='-g -O2'
ac_cv_env_CXX_set=
ac_cv_env_CXX_value=
ac_cv_env_LDFLAGS_set=set
ac_cv_env_LDFLAGS_value=-Wl,-z,defs
ac_cv_env_LIBS_set=
ac_cv_env_LIBS_value=
ac_cv_env_OPENDIAS_CFLAGS_set=
ac_cv_env_OPENDIAS_CFLAGS_value=
ac_cv_env_OPENDIAS_LIBS_set=
ac_cv_env_OPENDIAS_LIBS_value=
ac_cv_env_PKG_CONFIG_set=
ac_cv_env_PKG_CONFIG_value=
ac_cv_env_build_alias_set=set
ac_cv_env_build_alias_value=i486-linux-gnu
ac_cv_env_host_alias_set=set
ac_cv_env_host_alias_value=i486-linux-gnu
ac_cv_env_target_alias_set=
ac_cv_env_target_alias_value=
ac_cv_file__usr_include_tesseract_baseapi_h=yes
ac_cv_func_bind_textdomain_codeset=yes
ac_cv_func_dcgettext=yes
ac_cv_header_espeak_speak_lib_h=yes
ac_cv_header_gdk_pixbuf_gdk_pixbuf_h=yes
ac_cv_header_inttypes_h=yes
ac_cv_header_libintl_h=yes
ac_cv_header_libxml_parser_h=yes
ac_cv_header_locale_h=yes
ac_cv_header_memory_h=yes
ac_cv_header_sane_sane_h=yes
ac_cv_header_stdc=yes
ac_cv_header_stdint_h=yes
ac_cv_header_stdlib_h=yes
ac_cv_header_string_h=yes
ac_cv_header_strings_h=yes
ac_cv_header_sys_stat_h=yes
ac_cv_header_sys_types_h=yes
ac_cv_header_tiff_h=yes
ac_cv_header_unistd_h=yes
ac_cv_header_zzip_lib_h=yes
ac_cv_lib_espeak_main=yes
ac_cv_lib_gdk_pixbuf_2_0_gdk_pixbuf_new=yes
ac_cv_lib_sane_main=yes
ac_cv_lib_tesseract_full_main=yes
ac_cv_lib_tiff_TIFFOpen=yes
ac_cv_lib_xml2_xmlParseExternalEntity=yes
ac_cv_lib_zzipwrap_main=yes
ac_cv_objext=o
ac_cv_path_EGREP='/bin/grep -E'
ac_cv_path_GMSGFMT=/usr/bin/msgfmt
ac_cv_path_GREP=/bin/grep
ac_cv_path_INTLTOOL_PERL=/usr/bin/perl
ac_cv_path_MSGFMT=/usr/bin/msgfmt
ac_cv_path_MSGMERGE=/usr/bin/msgmerge
ac_cv_path_PKG_CONFIG=/usr/bin/pkg-config
ac_cv_path_XGETTEXT=/usr/bin/xgettext
ac_cv_path_XML2_CONFIG=/usr/bin/xml2-config
ac_cv_path_ac_pt_PKG_CONFIG=/usr/bin/pkg-config
ac_cv_path_install='/usr/bin/install -c'
ac_cv_path_mkdir=/bin/mkdir
ac_cv_prog_AWK=mawk
ac_cv_prog_CC=i486-linux-gnu-gcc
ac_cv_prog_CPP='i486-linux-gnu-gcc -E'
ac_cv_prog_CXX=i486-linux-gnu-g++
ac_cv_prog_cc_c89=
ac_cv_prog_cc_g=yes
ac_cv_prog_cxx_g=yes
ac_cv_prog_make_make_set=yes
am_cv_CC_dependencies_compiler_type=gcc3
am_cv_CXX_dependencies_compiler_type=gcc3
am_cv_prog_cc_stdc=
am_cv_val_LC_MESSAGES=yes
gt_cv_func_dgettext_libc=yes
gt_cv_func_dgettext_libintl=no
gt_cv_func_ngettext_libc=yes
gt_cv_have_gettext=yes
pkg_cv_OPENDIAS_CFLAGS='-I/usr/include/gtk-2.0 -I/usr/lib/gtk-2.0/include -I/usr/include/atk-1.0 -I/usr/include/cairo -I/usr/include/pango-1.0 -I/usr/include/glib-2.0 -I/usr/lib/glib-2.0/include -I/usr/include/freetype2 -I/usr/include/libpng12 -I/usr/include/pixman-1  '
pkg_cv_OPENDIAS_LIBS='-lsqlite3 -lgtk-x11-2.0 -lgdk-x11-2.0 -latk-1.0 -lgdk_pixbuf-2.0 -lm -lpangocairo-1.0 -lpango-1.0 -lcairo -lgobject-2.0 -lgmodule-2.0 -ldl -lglib-2.0  '

## ----------------- ##
## Output variables. ##
## ----------------- ##

ACLOCAL='${SHELL} /home/wbooth/Desktop/Projects/builds/opendias-0.2.1/missing --run aclocal-1.10'
ALL_LINGUAS=''
AMDEPBACKSLASH='\'
AMDEP_FALSE='#'
AMDEP_TRUE=''
AMTAR='${SHELL} /home/wbooth/Desktop/Projects/builds/opendias-0.2.1/missing --run tar'
AUTOCONF='${SHELL} /home/wbooth/Desktop/Projects/builds/opendias-0.2.1/missing --run autoconf'
AUTOHEADER='${SHELL} /home/wbooth/Desktop/Projects/builds/opendias-0.2.1/missing --run autoheader'
AUTOMAKE='${SHELL} /home/wbooth/Desktop/Projects/builds/opendias-0.2.1/missing --run automake-1.10'
AWK='mawk'
CATALOGS=''
CATOBJEXT='.gmo'
CC='i486-linux-gnu-gcc'
CCDEPMODE='depmode=gcc3'
CFLAGS='-g -O2 -I/usr/include/gtk-2.0 -I/usr/include/glib-2.0 -I/usr/lib/glib-2.0/include  '
CPP='i486-linux-gnu-gcc -E'
CPPFLAGS=' -I/usr/include/libxml2 -I/usr/include/gtk-2.0 -I/usr/include/glib-2.0 -I/usr/lib/glib-2.0/include  '
CXX='i486-linux-gnu-g++'
CXXDEPMODE='depmode=gcc3'
CXXFLAGS='-g -O2'
CYGPATH_W='echo'
DATADIRNAME='share'
DEFS='-DHAVE_CONFIG_H'
DEPDIR='.deps'
ECHO_C=''
ECHO_N='-n'
ECHO_T=''
EGREP='/bin/grep -E'
EXEEXT=''
GETTEXT_PACKAGE='opendias'
GMOFILES=''
GMSGFMT='/usr/bin/msgfmt'
GREP='/bin/grep'
INSTALL_DATA='${INSTALL} -m 644'
INSTALL_PROGRAM='${INSTALL}'
INSTALL_SCRIPT='${INSTALL}'
INSTALL_STRIP_PROGRAM='$(install_sh) -c -s'
INSTOBJEXT='.mo'
INTLLIBS=''
INTLTOOL_CAVES_RULE='%.caves:     %.caves.in     $(INTLTOOL_MERGE) $(wildcard $(top_srcdir)/po/*.po) ; LC_ALL=C $(INTLTOOL_MERGE) -d -u -c $(top_builddir)/po/.intltool-merge-cache $(top_srcdir)/po $< $@'
INTLTOOL_DESKTOP_RULE='%.desktop:   %.desktop.in   $(INTLTOOL_MERGE) $(wildcard $(top_srcdir)/po/*.po) ; LC_ALL=C $(INTLTOOL_MERGE) -d -u -c $(top_builddir)/po/.intltool-merge-cache $(top_srcdir)/po $< $@'
INTLTOOL_DIRECTORY_RULE='%.directory: %.directory.in $(INTLTOOL_MERGE) $(wildcard $(top_srcdir)/po/*.po) ; LC_ALL=C $(INTLTOOL_MERGE) -d -u -c $(top_builddir)/po/.intltool-merge-cache $(top_srcdir)/po $< $@'
INTLTOOL_EXTRACT='$(top_builddir)/intltool-extract'
INTLTOOL_KBD_RULE='%.kbd:       %.kbd.in       $(INTLTOOL_MERGE) $(wildcard $(top_srcdir)/po/*.po) ; LC_ALL=C $(INTLTOOL_MERGE) -x -u -m -c $(top_builddir)/po/.intltool-merge-cache $(top_srcdir)/po $< $@'
INTLTOOL_KEYS_RULE='%.keys:      %.keys.in      $(INTLTOOL_MERGE) $(wildcard $(top_srcdir)/po/*.po) ; LC_ALL=C $(INTLTOOL_MERGE) -k -u -c $(top_builddir)/po/.intltool-merge-cache $(top_srcdir)/po $< $@'
INTLTOOL_MERGE='$(top_builddir)/intltool-merge'
INTLTOOL_OAF_RULE='%.oaf:       %.oaf.in       $(INTLTOOL_MERGE) $(wildcard $(top_srcdir)/po/*.po) ; LC_ALL=C $(INTLTOOL_MERGE) -o -p $(top_srcdir)/po $< $@'
INTLTOOL_PERL='/usr/bin/perl'
INTLTOOL_POLICY_RULE='%.policy:    %.policy.in    $(INTLTOOL_MERGE) $(wildcard $(top_srcdir)/po/*.po) ; LC_ALL=C $(INTLTOOL_MERGE) -x -u -c $(top_builddir)/po/.intltool-merge-cache $(top_srcdir)/po $< $@'
INTLTOOL_PONG_RULE='%.pong:      %.pong.in      $(INTLTOOL_MERGE) $(wildcard $(top_srcdir)/po/*.po) ; LC_ALL=C $(INTLTOOL_MERGE) -x -u -c $(top_builddir)/po/.intltool-merge-cache $(top_srcdir)/po $< $@'
INTLTOOL_PROP_RULE='%.prop:      %.prop.in      $(INTLTOOL_MERGE) $(wildcard $(top_srcdir)/po/*.po) ; LC_ALL=C $(INTLTOOL_MERGE) -d -u -c $(top_builddir)/po/.intltool-merge-cache $(top_srcdir)/po $< $@'
INTLTOOL_SCHEMAS_RULE='%.schemas:   %.schemas.in   $(INTLTOOL_MERGE) $(wildcard $(top_srcdir)/po/*.po) ; LC_ALL=C $(INTLTOOL_MERGE) -s -u -c $(top_builddir)/po/.intltool-merge-cache $(top_srcdir)/po $< $@'
INTLTOOL_SERVER_RULE='%.server:    %.server.in    $(INTLTOOL_MERGE) $(wildcard $(top_srcdir)/po/*.po) ; LC_ALL=C $(INTLTOOL_MERGE) -o -u -c $(top_builddir)/po/.intltool-merge-cache $(top_srcdir)/po $< $@'
INTLTOOL_SERVICE_RULE='%.service: %.service.in   $(INTLTOOL_MERGE) $(wildcard $(top_srcdir)/po/*.po) ; LC_ALL=C $(INTLTOOL_MERGE) -d -u -c $(top_builddir)/po/.intltool-merge-cache $(top_srcdir)/po $< $@'
INTLTOOL_SHEET_RULE='%.sheet:     %.sheet.in     $(INTLTOOL_MERGE) $(wildcard $(top_srcdir)/po/*.po) ; LC_ALL=C $(INTLTOOL_MERGE) -x -u -c $(top_builddir)/po/.intltool-merge-cache $(top_srcdir)/po $< $@'
INTLTOOL_SOUNDLIST_RULE='%.soundlist: %.soundlist.in $(INTLTOOL_MERGE) $(wildcard $(top_srcdir)/po/*.po) ; LC_ALL=C $(INTLTOOL_MERGE) -d -u -c $(top_builddir)/po/.intltool-merge-cache $(top_srcdir)/po $< $@'
INTLTOOL_THEME_RULE='%.theme:     %.theme.in     $(INTLTOOL_MERGE) $(wildcard $(top_srcdir)/po/*.po) ; LC_ALL=C $(INTLTOOL_MERGE) -d -u -c $(top_builddir)/po/.intltool-merge-cache $(top_srcdir)/po $< $@'
INTLTOOL_UI_RULE='%.ui:        %.ui.in        $(INTLTOOL_MERGE) $(wildcard $(top_srcdir)/po/*.po) ; LC_ALL=C $(INTLTOOL_MERGE) -x -u -c $(top_builddir)/po/.intltool-merge-cache $(top_srcdir)/po $< $@'
INTLTOOL_UPDATE='$(top_builddir)/intltool-update'
INTLTOOL_XAM_RULE='%.xam:       %.xml.in       $(INTLTOOL_MERGE) $(wildcard $(top_srcdir)/po/*.po) ; LC_ALL=C $(INTLTOOL_MERGE) -x -u -c $(top_builddir)/po/.intltool-merge-cache $(top_srcdir)/po $< $@'
INTLTOOL_XML_NOMERGE_RULE='%.xml:       %.xml.in       $(INTLTOOL_MERGE) ; LC_ALL=C $(INTLTOOL_MERGE) -x -u /tmp $< $@'
INTLTOOL_XML_RULE='%.xml:       %.xml.in       $(INTLTOOL_MERGE) $(wildcard $(top_srcdir)/po/*.po) ; LC_ALL=C $(INTLTOOL_MERGE) -x -u -c $(top_builddir)/po/.intltool-merge-cache $(top_srcdir)/po $< $@'
LDFLAGS='-Wl,-z,defs'
LIBOBJS=''
LIBS=' -lgdk_pixbuf-2.0 -lm -lgobject-2.0 -lgmodule-2.0 -ldl -lglib-2.0  '
LTLIBOBJS=''
MAINT='#'
MAINTAINER_MODE_FALSE=''
MAINTAINER_MODE_TRUE='#'
MAKEINFO='${SHELL} /home/wbooth/Desktop/Projects/builds/opendias-0.2.1/missing --run makeinfo'
MKINSTALLDIRS='./mkinstalldirs'
MSGFMT='/usr/bin/msgfmt'
MSGFMT_OPTS='-c'
MSGMERGE='/usr/bin/msgmerge'
OBJEXT='o'
OPENDIAS_CFLAGS='-I/usr/include/gtk-2.0 -I/usr/lib/gtk-2.0/include -I/usr/include/atk-1.0 -I/usr/include/cairo -I/usr/include/pango-1.0 -I/usr/include/glib-2.0 -I/usr/lib/glib-2.0/include -I/usr/include/freetype2 -I/usr/include/libpng12 -I/usr/include/pixman-1   -I/usr/include/libxml2 -I/usr/include/gtk-2.0 -I/usr/include/glib-2.0 -I/usr/lib/glib-2.0/include   '
OPENDIAS_LIBS='-lsqlite3 -lgtk-x11-2.0 -lgdk-x11-2.0 -latk-1.0 -lgdk_pixbuf-2.0 -lm -lpangocairo-1.0 -lpango-1.0 -lcairo -lgobject-2.0 -lgmodule-2.0 -ldl -lglib-2.0   -lsane  -ltesseract_full -ltiff  -lespeak  -lxml2 -lzzip -lgdk_pixbuf-2.0 -lm -lgobject-2.0 -lgmodule-2.0 -ldl -lglib-2.0   '
PACKAGE='opendias'
PACKAGE_BUGREPORT=''
PACKAGE_NAME='opendias'
PACKAGE_STRING='opendias 0.2.1'
PACKAGE_TARNAME='opendias'
PACKAGE_VERSION='0.2.1'
PATH_SEPARATOR=':'
PKG_CONFIG='/usr/bin/pkg-config'
POFILES=''
POSUB='po'
PO_IN_DATADIR_FALSE=''
PO_IN_DATADIR_TRUE=''
SET_MAKE=''
SHELL='/bin/bash'
STRIP=''
USE_NLS='yes'
VERSION='0.2.1'
XGETTEXT='/usr/bin/xgettext'
XML2_CONFIG='/usr/bin/xml2-config'
ac_ct_CC=''
ac_ct_CXX=''
am__fastdepCC_FALSE='#'
am__fastdepCC_TRUE=''
am__fastdepCXX_FALSE='#'
am__fastdepCXX_TRUE=''
am__include='include'
am__isrc=''
am__leading_dot='.'
am__quote=''
am__tar='${AMTAR} chof - "$$tardir"'
am__untar='${AMTAR} xf -'
bindir='${exec_prefix}/bin'
build_alias='i486-linux-gnu'
datadir='${datarootdir}'
datarootdir='${prefix}/share'
docdir='${datarootdir}/doc/${PACKAGE_TARNAME}'
dvidir='${docdir}'
exec_prefix='${prefix}'
host_alias='i486-linux-gnu'
htmldir='${docdir}'
includedir='${prefix}/include'
infodir='${prefix}/share/info'
install_sh='$(SHELL) /home/wbooth/Desktop/Projects/builds/opendias-0.2.1/install-sh'
libdir='${exec_prefix}/lib'
libexecdir='${exec_prefix}/libexec'
localedir='${datarootdir}/locale'
localstatedir='${prefix}/var'
mandir='${prefix}/share/man'
mkdir_p='/bin/mkdir -p'
oldincludedir='/usr/include'
pdfdir='${docdir}'
prefix='/usr'
program_transform_name='s,x,x,'
psdir='${docdir}'
sbindir='${exec_prefix}/sbin'
sharedstatedir='${prefix}/com'
sysconfdir='${prefix}/etc'
target_alias=''

## ----------- ##
## confdefs.h. ##
## ----------- ##

#define PACKAGE_NAME "opendias"
#define PACKAGE_TARNAME "opendias"
#define PACKAGE_VERSION "0.2.1"
#define PACKAGE_STRING "opendias 0.2.1"
#define PACKAGE_BUGREPORT ""
#define PACKAGE "opendias"
#define VERSION "0.2.1"
#define STDC_HEADERS 1
#define GETTEXT_PACKAGE "opendias"
#define HAVE_SYS_TYPES_H 1
#define HAVE_SYS_STAT_H 1
#define HAVE_STDLIB_H 1
#define HAVE_STRING_H 1
#define HAVE_MEMORY_H 1
#define HAVE_STRINGS_H 1
#define HAVE_INTTYPES_H 1
#define HAVE_STDINT_H 1
#define HAVE_UNISTD_H 1
#define HAVE_LOCALE_H 1
#define HAVE_LC_MESSAGES 1
#define HAVE_BIND_TEXTDOMAIN_CODESET 1
#define HAVE_GETTEXT 1
#define HAVE_DCGETTEXT 1
#define ENABLE_NLS 1
#define CAN_SCAN
#define CAN_OCR
#define CAN_SPEAK
#define CAN_READODF

configure: exit 0
